[2017-05-04 22:02:22,753][INFO][TencentVideo] => 不重复，插入数据。keyword:刘士余
[2017-05-04 22:02:22,758][INFO][TencentVideo] => 插入数据成功。keyword:刘士余
[2017-05-04 22:02:22,759][INFO][TencentVideo] => 不重复，插入数据。keyword:刘士余
[2017-05-04 22:02:22,759][INFO][TencentVideo] => 插入数据成功。keyword:刘士余
[2017-05-04 22:02:22,760][INFO][TencentVideo] => 不重复，插入数据。keyword:刘士余
[2017-05-04 22:02:22,760][INFO][TencentVideo] => 插入数据成功。keyword:刘士余
[2017-05-04 22:02:22,761][INFO][TencentVideo] => 不重复，插入数据。keyword:刘士余
[2017-05-04 22:02:22,761][INFO][TencentVideo] => 插入数据成功。keyword:刘士余
[2017-05-04 22:02:22,761][INFO][TencentVideo] => 不重复，插入数据。keyword:刘士余
[2017-05-04 22:02:22,761][INFO][TencentVideo] => 插入数据成功。keyword:刘士余
[2017-05-04 22:02:22,762][INFO][TencentVideo] => 不重复，插入数据。keyword:刘士余
[2017-05-04 22:02:22,762][INFO][TencentVideo] => 插入数据成功。keyword:刘士余
[2017-05-04 22:02:22,763][INFO][TencentVideo] => 不重复，插入数据。keyword:刘士余
[2017-05-04 22:02:22,763][INFO][TencentVideo] => 插入数据成功。keyword:刘士余
[2017-05-04 22:02:22,764][INFO][TencentVideo] => 数据重复。keyword:刘士余
[2017-05-04 22:02:22,764][INFO][TencentVideo] => 数据重复。keyword:刘士余
[2017-05-04 22:02:22,765][INFO][TencentVideo] => 数据重复。keyword:刘士余
[2017-05-04 22:02:22,765][INFO][TencentVideo] => 数据重复。keyword:刘士余
[2017-05-04 22:02:22,765][INFO][TencentVideo] => 数据重复。keyword:刘士余
[2017-05-04 22:02:22,766][INFO][TencentVideo] => 数据重复。keyword:刘士余
[2017-05-04 22:02:22,766][INFO][TencentVideo] => 数据重复。keyword:刘士余
[2017-05-04 22:02:22,766][INFO][TencentVideo] => 数据重复。keyword:刘士余
[2017-05-04 22:02:24,830][INFO][TencentVideo] => 不重复，插入数据。keyword:王健林
[2017-05-04 22:02:24,831][INFO][TencentVideo] => 插入数据成功。keyword:王健林
[2017-05-04 22:02:24,831][INFO][TencentVideo] => 不重复，插入数据。keyword:王健林
[2017-05-04 22:02:24,832][INFO][TencentVideo] => 插入数据成功。keyword:王健林
[2017-05-04 22:02:24,832][INFO][TencentVideo] => 不重复，插入数据。keyword:王健林
[2017-05-04 22:02:24,832][INFO][TencentVideo] => 插入数据成功。keyword:王健林
[2017-05-04 22:02:24,833][INFO][TencentVideo] => 不重复，插入数据。keyword:王健林
[2017-05-04 22:02:24,833][INFO][TencentVideo] => 插入数据成功。keyword:王健林
[2017-05-04 22:02:24,833][INFO][TencentVideo] => 不重复，插入数据。keyword:王健林
[2017-05-04 22:02:24,834][INFO][TencentVideo] => 插入数据成功。keyword:王健林
[2017-05-04 22:02:24,834][INFO][TencentVideo] => 不重复，插入数据。keyword:王健林
[2017-05-04 22:02:24,843][INFO][TencentVideo] => 插入数据成功。keyword:王健林
[2017-05-04 22:02:24,844][INFO][TencentVideo] => 不重复，插入数据。keyword:王健林
[2017-05-04 22:02:24,844][INFO][TencentVideo] => 插入数据成功。keyword:王健林
[2017-05-04 22:02:24,844][INFO][TencentVideo] => 不重复，插入数据。keyword:王健林
[2017-05-04 22:02:24,845][INFO][TencentVideo] => 插入数据成功。keyword:王健林
[2017-05-04 22:02:24,845][INFO][TencentVideo] => 不重复，插入数据。keyword:王健林
[2017-05-04 22:02:24,845][INFO][TencentVideo] => 插入数据成功。keyword:王健林
[2017-05-04 22:02:24,846][INFO][TencentVideo] => 不重复，插入数据。keyword:王健林
[2017-05-04 22:02:24,846][INFO][TencentVideo] => 插入数据成功。keyword:王健林
[2017-05-04 22:02:24,847][INFO][TencentVideo] => 不重复，插入数据。keyword:王健林
[2017-05-04 22:02:24,847][INFO][TencentVideo] => 插入数据成功。keyword:王健林
[2017-05-04 22:02:24,848][INFO][TencentVideo] => 不重复，插入数据。keyword:王健林
[2017-05-04 22:02:24,848][INFO][TencentVideo] => 插入数据成功。keyword:王健林
[2017-05-04 22:02:24,849][INFO][TencentVideo] => 不重复，插入数据。keyword:王健林
[2017-05-04 22:02:24,849][INFO][TencentVideo] => 插入数据成功。keyword:王健林
[2017-05-04 22:02:24,850][INFO][TencentVideo] => 不重复，插入数据。keyword:王健林
[2017-05-04 22:02:24,850][INFO][TencentVideo] => 插入数据成功。keyword:王健林
[2017-05-04 22:02:25,751][INFO][TencentVideo] => 不重复，插入数据。keyword:马云
[2017-05-04 22:02:25,751][INFO][TencentVideo] => 插入数据成功。keyword:马云
[2017-05-04 22:02:25,752][INFO][TencentVideo] => 不重复，插入数据。keyword:马云
[2017-05-04 22:02:25,752][INFO][TencentVideo] => 插入数据成功。keyword:马云
[2017-05-04 22:02:25,752][INFO][TencentVideo] => 不重复，插入数据。keyword:马云
[2017-05-04 22:02:25,753][INFO][TencentVideo] => 插入数据成功。keyword:马云
[2017-05-04 22:02:25,753][INFO][TencentVideo] => 不重复，插入数据。keyword:马云
[2017-05-04 22:02:25,754][INFO][TencentVideo] => 插入数据成功。keyword:马云
[2017-05-04 22:02:25,754][INFO][TencentVideo] => 不重复，插入数据。keyword:马云
[2017-05-04 22:02:25,754][INFO][TencentVideo] => 插入数据成功。keyword:马云
[2017-05-04 22:02:25,755][INFO][TencentVideo] => 不重复，插入数据。keyword:马云
[2017-05-04 22:02:25,755][INFO][TencentVideo] => 插入数据成功。keyword:马云
[2017-05-04 22:02:25,755][INFO][TencentVideo] => 不重复，插入数据。keyword:马云
[2017-05-04 22:02:25,756][INFO][TencentVideo] => 插入数据成功。keyword:马云
[2017-05-04 22:02:25,756][INFO][TencentVideo] => 不重复，插入数据。keyword:马云
[2017-05-04 22:02:25,756][INFO][TencentVideo] => 插入数据成功。keyword:马云
[2017-05-04 22:02:26,713][INFO][TencentVideo] => 不重复，插入数据。keyword:马化腾
[2017-05-04 22:02:26,713][INFO][TencentVideo] => 插入数据成功。keyword:马化腾
[2017-05-04 22:02:26,714][INFO][TencentVideo] => 不重复，插入数据。keyword:马化腾
[2017-05-04 22:02:26,714][INFO][TencentVideo] => 插入数据成功。keyword:马化腾
[2017-05-04 22:02:26,714][INFO][TencentVideo] => 不重复，插入数据。keyword:马化腾
[2017-05-04 22:02:26,715][INFO][TencentVideo] => 插入数据成功。keyword:马化腾
[2017-05-04 22:02:26,715][INFO][TencentVideo] => 不重复，插入数据。keyword:马化腾
[2017-05-04 22:02:26,715][INFO][TencentVideo] => 插入数据成功。keyword:马化腾
[2017-05-04 22:02:26,716][INFO][TencentVideo] => 不重复，插入数据。keyword:马化腾
[2017-05-04 22:02:26,716][INFO][TencentVideo] => 插入数据成功。keyword:马化腾
[2017-05-04 22:02:26,716][INFO][TencentVideo] => 不重复，插入数据。keyword:马化腾
[2017-05-04 22:02:26,716][INFO][TencentVideo] => 插入数据成功。keyword:马化腾
[2017-05-04 22:02:29,731][INFO][TencentVideo] => 抓取完毕。
